<?xml version="1.0" encoding="UTF-8"?>
<!-- Generated by org.testng.reporters.JUnitReportReporter -->
<testsuite hostname="LAPTOP-DOBLN3AU" failures="0" tests="2" name="com.appium.Day5Scripts.ParameterDemo" time="33.401" errors="0" timestamp="2021-12-20T15:53:34 IST" skipped="0">
  <testcase classname="com.appium.Day5Scripts.ParameterDemo" name="method3" time="16.791"/>
  <system-out/>
  <testcase classname="com.appium.Day5Scripts.ParameterDemo" name="method3" time="16.610"/>
  <system-out/>
</testsuite> <!-- com.appium.Day5Scripts.ParameterDemo -->
