<?xml version="1.0" encoding="UTF-8"?>
<!-- Generated by org.testng.reporters.JUnitReportReporter -->
<testsuite hostname="LAPTOP-DOBLN3AU" failures="0" tests="2" name="com.appium.Day5Scripts.TestAnnotationAppium" time="50.770" errors="0" timestamp="2021-12-20T15:17:15 IST" skipped="0">
  <testcase classname="com.appium.Day5Scripts.TestAnnotationAppium" name="testcase1" time="20.860"/>
  <system-out/>
  <testcase classname="com.appium.Day5Scripts.TestAnnotationAppium" name="testcase2" time="29.910"/>
  <system-out/>
</testsuite> <!-- com.appium.Day5Scripts.TestAnnotationAppium -->
