<?xml version="1.0" encoding="UTF-8"?>
<!-- Generated by org.testng.reporters.JUnitReportReporter -->
<testsuite hostname="LAPTOP-DOBLN3AU" failures="0" tests="2" name="com.appium.Day5Scripts.BeforeClassAnnotationDemo" time="27.144" errors="0" timestamp="2021-12-20T15:04:40 IST" skipped="0">
  <testcase classname="com.appium.Day5Scripts.BeforeClassAnnotationDemo" name="method3" time="13.582"/>
  <system-out/>
  <testcase classname="com.appium.Day5Scripts.BeforeClassAnnotationDemo" name="method4" time="13.562"/>
  <system-out/>
</testsuite> <!-- com.appium.Day5Scripts.BeforeClassAnnotationDemo -->
