<?xml version="1.0" encoding="UTF-8"?>
<!-- Generated by org.testng.reporters.JUnitReportReporter -->
<testsuite hostname="LAPTOP-DOBLN3AU" failures="0" tests="3" name="com.appium.Day5Scripts.AnnotationsDemo" time="0.009" errors="0" timestamp="2021-12-20T14:38:20 IST" skipped="0">
  <testcase classname="com.appium.Day5Scripts.AnnotationsDemo" name="method2" time="0.004"/>
  <system-out/>
  <testcase classname="com.appium.Day5Scripts.AnnotationsDemo" name="method3" time="0.002"/>
  <system-out/>
  <testcase classname="com.appium.Day5Scripts.AnnotationsDemo" name="method4" time="0.003"/>
  <system-out/>
</testsuite> <!-- com.appium.Day5Scripts.AnnotationsDemo -->
