<?xml version="1.0" encoding="UTF-8"?>
<!-- Generated by org.testng.reporters.JUnitReportReporter -->
<testsuite hostname="LAPTOP-DOBLN3AU" failures="0" tests="2" name="com.appium.Day5Scripts.BeforeMethodAnnotation" time="39.651" errors="0" timestamp="2021-12-20T15:17:15 IST" skipped="0">
  <testcase classname="com.appium.Day5Scripts.BeforeMethodAnnotation" name="method3" time="23.045"/>
  <system-out/>
  <testcase classname="com.appium.Day5Scripts.BeforeMethodAnnotation" name="method4" time="16.606"/>
  <system-out/>
</testsuite> <!-- com.appium.Day5Scripts.BeforeMethodAnnotation -->
