<?xml version="1.0" encoding="UTF-8"?>
<!-- Generated by org.testng.reporters.JUnitReportReporter -->
<testsuite hostname="LAPTOP-DOBLN3AU" failures="0" tests="2" name="com.appium.Day5Scripts.BeforeMethodAnnotation" time="45.922" errors="0" timestamp="20 Dec 2021 10:32:21 GMT" skipped="0">
  <testcase classname="com.appium.Day5Scripts.BeforeMethodAnnotation" name="method3" time="25.884"/>
  <testcase classname="com.appium.Day5Scripts.BeforeMethodAnnotation" name="method4" time="20.038"/>
</testsuite> <!-- com.appium.Day5Scripts.BeforeMethodAnnotation -->
