<?xml version="1.0" encoding="UTF-8"?>
<!-- Generated by org.testng.reporters.JUnitReportReporter -->
<testsuite hostname="LAPTOP-DOBLN3AU" failures="0" tests="2" name="com.appium.Day5Scripts.TestAnnotationAppium" time="50.499" errors="0" timestamp="20 Dec 2021 10:32:21 GMT" skipped="0">
  <testcase classname="com.appium.Day5Scripts.TestAnnotationAppium" name="testcase1" time="21.290"/>
  <testcase classname="com.appium.Day5Scripts.TestAnnotationAppium" name="testcase2" time="29.209"/>
</testsuite> <!-- com.appium.Day5Scripts.TestAnnotationAppium -->
